[    0.000000] Initializing cgroup subsys cpuset
[    0.000000] Initializing cgroup subsys cpu
[    0.000000] Initializing cgroup subsys cpuacct
[    0.000000] Linux version 4.4.0-210-generic (buildd@lgw01-amd64-009) (gcc version 5.4.0 20160609 (Ubuntu 5.4.0-6ubuntu1~16.04.12) ) #242-Ubuntu SMP Fri Apr 16 09:57:56 UTC 2021 (Ubuntu 4.4.0-210.242-generic 4.4.262)
[    0.000000] Command line: BOOT_IMAGE=/boot/vmlinuz-4.4.0-210-generic root=LABEL=cloudimg-rootfs ro console=tty1 console=ttyS0
[    0.000000] KERNEL supported cpus:
[    0.000000]   Intel GenuineIntel
[    0.000000]   AMD AuthenticAMD
[    0.000000]   Centaur CentaurHauls
[    0.000000] x86/fpu: xstate_offset[2]:  576, xstate_sizes[2]:  256
[    0.000000] x86/fpu: Supporting XSAVE feature 0x01: 'x87 floating point registers'
[    0.000000] x86/fpu: Supporting XSAVE feature 0x02: 'SSE registers'
[    0.000000] x86/fpu: Supporting XSAVE feature 0x04: 'AVX registers'
[    0.000000] x86/fpu: Enabled xstate features 0x7, context size is 832 bytes, using 'standard' format.
[    0.000000] e820: BIOS-provided physical RAM map:
[    0.000000] BIOS-e820: [mem 0x0000000000000000-0x000000000009fbff] usable
[    0.000000] BIOS-e820: [mem 0x000000000009fc00-0x000000000009ffff] reserved
[    0.000000] BIOS-e820: [mem 0x00000000000f0000-0x00000000000fffff] reserved
[    0.000000] BIOS-e820: [mem 0x0000000000100000-0x000000003ffeffff] usable
[    0.000000] BIOS-e820: [mem 0x000000003fff0000-0x000000003fffffff] ACPI data
[    0.000000] BIOS-e820: [mem 0x00000000fec00000-0x00000000fec00fff] reserved
[    0.000000] BIOS-e820: [mem 0x00000000fee00000-0x00000000fee00fff] reserved
[    0.000000] BIOS-e820: [mem 0x00000000fffc0000-0x00000000ffffffff] reserved
[    0.000000] NX (Execute Disable) protection: active
[    0.000000] SMBIOS 2.5 present.
[    0.000000] Hypervisor detected: KVM
[    0.000000] e820: last_pfn = 0x3fff0 max_arch_pfn = 0x400000000
[    0.000000] MTRR: Disabled
[    0.000000] x86/PAT: MTRRs disabled, skipping PAT initialization too.
[    0.000000] CPU MTRRs all blank - virtualized system.
[    0.000000] x86/PAT: Configuration [0-7]: WB  WT  UC- UC  WB  WT  UC- UC  
[    0.000000] found SMP MP-table at [mem 0x0009fff0-0x0009ffff] mapped at [ffff88000009fff0]
[    0.000000] Scanning 1 areas for low memory corruption
[    0.000000] RAMDISK: [mem 0x362dc000-0x37165fff]
[    0.000000] ACPI: Early table checksum verification disabled
[    0.000000] ACPI: RSDP 0x00000000000E0000 000024 (v02 VBOX  )
[    0.000000] ACPI: XSDT 0x000000003FFF0030 00003C (v01 VBOX   VBOXXSDT 00000001 ASL  00000061)
[    0.000000] ACPI: FACP 0x000000003FFF00F0 0000F4 (v04 VBOX   VBOXFACP 00000001 ASL  00000061)
[    0.000000] ACPI: DSDT 0x000000003FFF0470 002325 (v02 VBOX   VBOXBIOS 00000002 INTL 20190509)
[    0.000000] ACPI: FACS 0x000000003FFF0200 000040
[    0.000000] ACPI: FACS 0x000000003FFF0200 000040
[    0.000000] ACPI: APIC 0x000000003FFF0240 000054 (v02 VBOX   VBOXAPIC 00000001 ASL  00000061)
[    0.000000] ACPI: SSDT 0x000000003FFF02A0 0001CC (v01 VBOX   VBOXCPUT 00000002 INTL 20190509)
[    0.000000] No NUMA configuration found
[    0.000000] Faking a node at [mem 0x0000000000000000-0x000000003ffeffff]
[    0.000000] NODE_DATA(0) allocated [mem 0x3ffeb000-0x3ffeffff]
[    0.000000] kvm-clock: Using msrs 4b564d01 and 4b564d00
[    0.000000] kvm-clock: cpu 0, msr 0:3ffe3001, primary cpu clock
[    0.000000] kvm-clock: using sched offset of 3482495006 cycles
[    0.000000] clocksource: kvm-clock: mask: 0xffffffffffffffff max_cycles: 0x1cd42e4dffb, max_idle_ns: 881590591483 ns
[    0.000000] Zone ranges:
[    0.000000]   DMA      [mem 0x0000000000001000-0x0000000000ffffff]
[    0.000000]   DMA32    [mem 0x0000000001000000-0x000000003ffeffff]
[    0.000000]   Normal   empty
[    0.000000]   Device   empty
[    0.000000] Movable zone start for each node
[    0.000000] Early memory node ranges
[    0.000000]   node   0: [mem 0x0000000000001000-0x000000000009efff]
[    0.000000]   node   0: [mem 0x0000000000100000-0x000000003ffeffff]
[    0.000000] Initmem setup node 0 [mem 0x0000000000001000-0x000000003ffeffff]
[    0.000000] ACPI: PM-Timer IO Port: 0x4008
[    0.000000] IOAPIC[0]: apic_id 1, version 32, address 0xfec00000, GSI 0-23
[    0.000000] ACPI: INT_SRC_OVR (bus 0 bus_irq 0 global_irq 2 dfl dfl)
[    0.000000] ACPI: INT_SRC_OVR (bus 0 bus_irq 9 global_irq 9 low level)
[    0.000000] Using ACPI (MADT) for SMP configuration information
[    0.000000] smpboot: Allowing 1 CPUs, 0 hotplug CPUs
[    0.000000] PM: Registered nosave memory: [mem 0x00000000-0x00000fff]
[    0.000000] PM: Registered nosave memory: [mem 0x0009f000-0x0009ffff]
[    0.000000] PM: Registered nosave memory: [mem 0x000a0000-0x000effff]
[    0.000000] PM: Registered nosave memory: [mem 0x000f0000-0x000fffff]
[    0.000000] e820: [mem 0x40000000-0xfebfffff] available for PCI devices
[    0.000000] Booting paravirtualized kernel on KVM
[    0.000000] clocksource: refined-jiffies: mask: 0xffffffff max_cycles: 0xffffffff, max_idle_ns: 7645519600211568 ns
[    0.000000] setup_percpu: NR_CPUS:512 nr_cpumask_bits:512 nr_cpu_ids:1 nr_node_ids:1
[    0.000000] PERCPU: Embedded 33 pages/cpu @ffff88003fc00000 s95192 r8192 d31784 u2097152
[    0.000000] Built 1 zonelists in Node order, mobility grouping on.  Total pages: 257912
[    0.000000] Policy zone: DMA32
[    0.000000] Kernel command line: BOOT_IMAGE=/boot/vmlinuz-4.4.0-210-generic root=LABEL=cloudimg-rootfs ro console=tty1 console=ttyS0
[    0.000000] PID hash table entries: 4096 (order: 3, 32768 bytes)
[    0.000000] Memory: 997924K/1048120K available (8644K kernel code, 1332K rwdata, 4044K rodata, 1492K init, 1164K bss, 50196K reserved, 0K cma-reserved)
[    0.000000] SLUB: HWalign=64, Order=0-3, MinObjects=0, CPUs=1, Nodes=1
[    0.000000] Kernel/User page tables isolation: enabled
[    0.000000] Hierarchical RCU implementation.
[    0.000000] 	Build-time adjustment of leaf fanout to 64.
[    0.000000] 	RCU restricting CPUs from NR_CPUS=512 to nr_cpu_ids=1.
[    0.000000] RCU: Adjusting geometry for rcu_fanout_leaf=64, nr_cpu_ids=1
[    0.000000] NR_IRQS:33024 nr_irqs:256 16
[    0.000000] Console: colour VGA+ 80x25
[    0.000000] console [tty1] enabled
[    0.000000] console [ttyS0] enabled
[    0.000000] tsc: Detected 2303.998 MHz processor
[    0.176989] Calibrating delay loop (skipped) preset value.. 4607.99 BogoMIPS (lpj=9215992)
[    0.179010] pid_max: default: 32768 minimum: 301
[    0.180844] ACPI: Core revision 20150930
[    0.183919] ACPI: 2 ACPI AML tables successfully acquired and loaded
[    0.185951] Security Framework initialized
[    0.186959] Yama: becoming mindful.
[    0.187882] AppArmor: AppArmor initialized
[    0.189048] Dentry cache hash table entries: 131072 (order: 8, 1048576 bytes)
[    0.191550] Inode-cache hash table entries: 65536 (order: 7, 524288 bytes)
[    0.193292] Mount-cache hash table entries: 2048 (order: 2, 16384 bytes)
[    0.194795] Mountpoint-cache hash table entries: 2048 (order: 2, 16384 bytes)
[    0.196608] Initializing cgroup subsys io
[    0.197723] Initializing cgroup subsys memory
[    0.198773] Initializing cgroup subsys devices
[    0.199835] Initializing cgroup subsys freezer
[    0.202161] Initializing cgroup subsys net_cls
[    0.204099] Initializing cgroup subsys perf_event
[    0.205497] Initializing cgroup subsys net_prio
[    0.206758] Initializing cgroup subsys hugetlb
[    0.207989] Initializing cgroup subsys pids
[    0.230594] mce: CPU supports 0 MCE banks
[    0.232675] process: using mwait in idle threads
[    0.235152] Last level iTLB entries: 4KB 64, 2MB 8, 4MB 8
[    0.236648] Last level dTLB entries: 4KB 64, 2MB 0, 4MB 0, 1GB 4
[    0.238240] Spectre V1 : Mitigation: usercopy/swapgs barriers and __user pointer sanitization
[    0.240565] Spectre V2 : Mitigation: Full generic retpoline
[    0.242104] Spectre V2 : Spectre v2 / SpectreRSB mitigation: Filling RSB on context switch
[    0.244903] Speculative Store Bypass: Vulnerable
[    0.246403] SRBDS: Unknown: Dependent on hypervisor status
[    0.247991] MDS: Mitigation: Clear CPU buffers
[    0.284455] Freeing SMP alternatives memory: 36K
[    0.294260] ftrace: allocating 32380 entries in 127 pages
[    0.378444] smpboot: APIC(0) Converting physical 0 to logical package 0
[    0.380207] smpboot: Max logical packages: 1
[    0.381696] x2apic enabled
[    0.382840] Switched APIC routing to physical x2apic.
[    0.385972] ..TIMER: vector=0x30 apic1=0 pin1=2 apic2=-1 pin2=-1
[    0.496307] smpboot: CPU0: Intel(R) Core(TM) i3-7020U CPU @ 2.30GHz (family: 0x6, model: 0x8e, stepping: 0xa)
[    0.499213] Performance Events: unsupported p6 CPU model 142 no PMU driver, software events only.
[    0.515982] KVM setup paravirtual spinlock
[    0.520318] x86: Booted up 1 node, 1 CPUs
[    0.521672] smpboot: Total of 1 processors activated (4607.99 BogoMIPS)
[    0.523430] devtmpfs: initialized
[    0.526876] evm: security.selinux
[    0.527751] evm: security.SMACK64
[    0.528742] evm: security.SMACK64EXEC
[    0.529778] evm: security.SMACK64TRANSMUTE
[    0.530857] evm: security.SMACK64MMAP
[    0.532181] evm: security.ima
[    0.534343] evm: security.capability
[    0.535565] clocksource: jiffies: mask: 0xffffffff max_cycles: 0xffffffff, max_idle_ns: 7645041785100000 ns
[    0.538963] futex hash table entries: 256 (order: 2, 16384 bytes)
[    0.540447] pinctrl core: initialized pinctrl subsystem
[    0.541809] RTC time:  4:32:22, date: 10/29/22
[    0.543217] NET: Registered protocol family 16
[    0.544566] cpuidle: using governor ladder
[    0.545583] cpuidle: using governor menu
[    0.546622] PCCT header not found.
[    0.547844] ACPI: bus type PCI registered
[    0.549707] acpiphp: ACPI Hot Plug PCI Controller Driver version: 0.5
[    0.552260] PCI: Using configuration type 1 for base access
[    0.555215] ACPI: Added _OSI(Module Device)
[    0.556241] ACPI: Added _OSI(Processor Device)
[    0.558022] ACPI: Added _OSI(3.0 _SCP Extensions)
[    0.559351] ACPI: Added _OSI(Processor Aggregator Device)
[    0.561336] ACPI: Executed 1 blocks of module-level executable AML code
[    0.565587] ACPI: Interpreter enabled
[    0.567129] ACPI: (supports S0 S5)
[    0.568144] ACPI: Using IOAPIC for interrupt routing
[    0.569726] PCI: Using host bridge windows from ACPI; if necessary, use "pci=nocrs" and report a bug
[    0.576137] ACPI: PCI Root Bridge [PCI0] (domain 0000 [bus 00-ff])
[    0.578449] acpi PNP0A03:00: _OSC: OS supports [ASPM ClockPM Segments MSI]
[    0.580734] acpi PNP0A03:00: _OSC: not requesting OS control; OS requires [ExtendedConfig ASPM ClockPM MSI]
[    0.584822] acpi PNP0A03:00: fail to add MMCONFIG information, can't access extended PCI configuration space under this bridge.
[    0.588251] PCI host bridge to bus 0000:00
[    0.589421] pci_bus 0000:00: root bus resource [io  0x0000-0x0cf7 window]
[    0.591184] pci_bus 0000:00: root bus resource [io  0x0d00-0xffff window]
[    0.592928] pci_bus 0000:00: root bus resource [mem 0x000a0000-0x000bffff window]
[    0.595076] pci_bus 0000:00: root bus resource [mem 0x40000000-0xfdffffff window]
[    0.597357] pci_bus 0000:00: root bus resource [bus 00-ff]
[    0.601110] pci 0000:00:01.1: legacy IDE quirk: reg 0x10: [io  0x01f0-0x01f7]
[    0.603912] pci 0000:00:01.1: legacy IDE quirk: reg 0x14: [io  0x03f6]
[    0.606467] pci 0000:00:01.1: legacy IDE quirk: reg 0x18: [io  0x0170-0x0177]
[    0.608007] pci 0000:00:01.1: legacy IDE quirk: reg 0x1c: [io  0x0376]
[    0.643282] pci 0000:00:07.0: quirk: [io  0x4000-0x403f] claimed by PIIX4 ACPI
[    0.645281] pci 0000:00:07.0: quirk: [io  0x4100-0x410f] claimed by PIIX4 SMB
[    0.658160] ACPI: PCI Interrupt Link [LNKA] (IRQs 5 9 10 *11)
[    0.660166] ACPI: PCI Interrupt Link [LNKB] (IRQs 5 9 *10 11)
[    0.663501] ACPI: PCI Interrupt Link [LNKC] (IRQs 5 *9 10 11)
[    0.666090] ACPI: PCI Interrupt Link [LNKD] (IRQs 5 9 10 *11)
[    0.668185] ACPI: Enabled 2 GPEs in block 00 to 07
[    0.669910] vgaarb: setting as boot device: PCI:0000:00:02.0
[    0.671183] vgaarb: device added: PCI:0000:00:02.0,decodes=io+mem,owns=io+mem,locks=none
[    0.673106] vgaarb: loaded
[    0.673885] vgaarb: bridge control possible 0000:00:02.0
[    0.675415] SCSI subsystem initialized
[    0.676454] ACPI: bus type USB registered
[    0.677487] usbcore: registered new interface driver usbfs
[    0.678764] usbcore: registered new interface driver hub
[    0.680095] usbcore: registered new device driver usb
[    0.682355] PCI: Using ACPI for IRQ routing
[    0.684516] NetLabel: Initializing
[    0.685739] NetLabel:  domain hash size = 128
[    0.686790] NetLabel:  protocols = UNLABELED CIPSOv4
[    0.687982] NetLabel:  unlabeled traffic allowed by default
[    0.689397] amd_nb: Cannot enumerate AMD northbridges
[    0.690585] clocksource: Switched to clocksource kvm-clock
[    0.699753] AppArmor: AppArmor Filesystem Enabled
[    0.701068] pnp: PnP ACPI init
[    0.703276] pnp: PnP ACPI: found 3 devices
[    0.713069] clocksource: acpi_pm: mask: 0xffffff max_cycles: 0xffffff, max_idle_ns: 2085701024 ns
[    0.715284] NET: Registered protocol family 2
[    0.716555] TCP established hash table entries: 8192 (order: 4, 65536 bytes)
[    0.718127] TCP bind hash table entries: 8192 (order: 5, 131072 bytes)
[    0.719636] TCP: Hash tables configured (established 8192 bind 8192)
[    0.721072] UDP hash table entries: 512 (order: 2, 16384 bytes)
[    0.722410] UDP-Lite hash table entries: 512 (order: 2, 16384 bytes)
[    0.726026] NET: Registered protocol family 1
[    0.728302] pci 0000:00:00.0: Limiting direct PCI/PCI transfers
[    0.729860] pci 0000:00:01.0: Activating ISA DMA hang workarounds
[    0.731416] Unpacking initramfs...
[    1.024510] Freeing initrd memory: 14888K
[    1.025773] clocksource: tsc: mask: 0xffffffffffffffff max_cycles: 0x2135f5e6f15, max_idle_ns: 440795231538 ns
[    1.028114] platform rtc_cmos: registered platform RTC device (no PNP device found)
[    1.031886] Scanning for low memory corruption every 60 seconds
[    1.034046] audit: initializing netlink subsys (disabled)
[    1.035816] audit: type=2000 audit(1667017947.117:1): initialized
[    1.039779] Initialise system trusted keyring
[    1.041152] HugeTLB registered 2 MB page size, pre-allocated 0 pages
[    1.044984] zbud: loaded
[    1.046665] VFS: Disk quotas dquot_6.6.0
[    1.048900] VFS: Dquot-cache hash table entries: 512 (order 0, 4096 bytes)
[    1.050680] squashfs: version 4.0 (2009/01/31) Phillip Lougher
[    1.052309] fuse init (API version 7.23)
[    1.053533] Key type big_key registered
[    1.054536] Allocating IMA MOK and blacklist keyrings.
[    1.055996] Key type asymmetric registered
[    1.057095] Asymmetric key parser 'x509' registered
[    1.058495] Block layer SCSI generic (bsg) driver version 0.4 loaded (major 249)
[    1.060547] io scheduler noop registered
[    1.061540] io scheduler deadline registered (default)
[    1.062825] io scheduler cfq registered
[    1.064271] pci_hotplug: PCI Hot Plug PCI Core version: 0.5
[    1.065760] pciehp: PCI Express Hot Plug Controller Driver version: 0.4
[    1.068373] ACPI: AC Adapter [AC] (on-line)
[    1.069982] input: Power Button as /devices/LNXSYSTM:00/LNXPWRBN:00/input/input0
[    1.072661] ACPI: Power Button [PWRF]
[    1.073835] input: Sleep Button as /devices/LNXSYSTM:00/LNXSLPBN:00/input/input1
[    1.075969] ACPI: Sleep Button [SLPF]
[    1.077806] ACPI: Battery Slot [BAT0] (battery present)
[    1.079071] GHES: HEST is not enabled!
[    1.080436] Serial: 8250/16550 driver, 32 ports, IRQ sharing enabled
[    1.102604] 00:02: ttyS0 at I/O 0x3f8 (irq = 4, base_baud = 115200) is a 16550A
[    1.108187] Linux agpgart interface v0.103
[    1.110665] loop: module loaded
[    1.112171] scsi host0: ata_piix
[    1.113389] scsi host1: ata_piix
[    1.114410] ata1: PATA max UDMA/33 cmd 0x1f0 ctl 0x3f6 bmdma 0xd000 irq 14
[    1.116204] ata2: PATA max UDMA/33 cmd 0x170 ctl 0x376 bmdma 0xd008 irq 15
[    1.118501] libphy: Fixed MDIO Bus: probed
[    1.119707] tun: Universal TUN/TAP device driver, 1.6
[    1.121092] tun: (C) 1999-2004 Max Krasnyansky <maxk@qualcomm.com>
[    1.122762] PPP generic driver version 2.4.2
[    1.125157] ehci_hcd: USB 2.0 'Enhanced' Host Controller (EHCI) Driver
[    1.127832] ehci-pci: EHCI PCI platform driver
[    1.128995] ehci-platform: EHCI generic platform driver
[    1.130555] ohci_hcd: USB 1.1 'Open' Host Controller (OHCI) Driver
[    1.132209] ohci-pci: OHCI PCI platform driver
[    1.133465] ohci-platform: OHCI generic platform driver
[    1.134869] uhci_hcd: USB Universal Host Controller Interface driver
[    1.136613] i8042: PNP: PS/2 Controller [PNP0303:PS2K,PNP0f03:PS2M] at 0x60,0x64 irq 1,12
[    1.139462] serio: i8042 KBD port at 0x60,0x64 irq 1
[    1.140840] serio: i8042 AUX port at 0x60,0x64 irq 12
[    1.142354] mousedev: PS/2 mouse device common for all mice
[    1.144179] input: AT Translated Set 2 keyboard as /devices/platform/i8042/serio0/input/input2
[    1.149096] rtc_cmos rtc_cmos: rtc core: registered rtc_cmos as rtc0
[    1.151023] rtc_cmos rtc_cmos: alarms up to one day, 114 bytes nvram
[    1.152465] i2c /dev entries driver
[    1.153447] device-mapper: uevent: version 1.0.3
[    1.154633] device-mapper: ioctl: 4.34.0-ioctl (2015-10-28) initialised: dm-devel@redhat.com
[    1.156708] ledtrig-cpu: registered to indicate activity on CPUs
[    1.158374] NET: Registered protocol family 10
[    1.159666] NET: Registered protocol family 17
[    1.160856] Key type dns_resolver registered
[    1.162309] registered taskstats version 1
[    1.163733] Loading compiled-in X.509 certificates
[    1.165817] Loaded X.509 cert 'Build time autogenerated kernel key: cf00e047681d67edb2720680708b7d9498083038'
[    1.169939] zswap: loaded using pool lzo/zbud
[    1.173555] Key type trusted registered
[    1.177685] Key type encrypted registered
[    1.178724] AppArmor: AppArmor sha1 policy hashing enabled
[    1.180244] ima: No TPM chip found, activating TPM-bypass!
[    1.181556] ima: Allocated hash algorithm: sha1
[    1.182658] evm: HMAC attrs: 0x1
[    1.183889]   Magic number: 10:105:516
[    1.184945] rtc_cmos rtc_cmos: setting system clock to 2022-10-29 04:32:22 UTC (1667017942)
[    1.186988] BIOS EDD facility v0.16 2004-Jun-25, 0 devices found
[    1.189624] EDD information not available.
[    1.295386] Freeing unused kernel memory: 1492K
[    1.296620] Write protecting the kernel read-only data: 14336k
[    1.298379] Freeing unused kernel memory: 1584K
[    1.299613] Freeing unused kernel memory: 52K
Loading, please wait...
starting version 229
[    1.317932] random: udevadm: uninitialized urandom read (16 bytes read, 3 bits of entropy available)
[    1.320862] random: systemd-udevd: uninitialized urandom read (16 bytes read, 3 bits of entropy available)
[    1.323657] random: systemd-udevd: uninitialized urandom read (16 bytes read, 3 bits of entropy available)
[    1.325903] random: systemd-udevd: uninitialized urandom read (16 bytes read, 3 bits of entropy available)
[    1.328277] random: udevadm: uninitialized urandom read (16 bytes read, 3 bits of entropy available)
[    1.331318] random: systemd-udevd: uninitialized urandom read (16 bytes read, 3 bits of entropy available)
[    1.343768] random: systemd-udevd: uninitialized urandom read (16 bytes read, 3 bits of entropy available)
[    1.346433] random: systemd-udevd: uninitialized urandom read (16 bytes read, 3 bits of entropy available)
[    1.351051] random: systemd-udevd: uninitialized urandom read (16 bytes read, 3 bits of entropy available)
[    1.354861] random: udevadm: uninitialized urandom read (16 bytes read, 3 bits of entropy available)
[    1.454607] e1000: Intel(R) PRO/1000 Network Driver - version 7.3.21-k8-NAPI
[    1.456293] e1000: Copyright (c) 1999-2006 Intel Corporation.
[    1.463961] Fusion MPT base driver 3.04.20
[    1.465099] Copyright (c) 1999-2008 LSI Corporation
[    1.484655] Fusion MPT SPI Host driver 3.04.20
[    1.549074] AVX2 version of gcm_enc/dec engaged.
[    1.550250] AES CTR mode by8 optimization enabled
[    1.681271] input: ImExPS/2 Generic Explorer Mouse as /devices/platform/i8042/serio1/input/input4
[    1.920236] e1000 0000:00:03.0 eth0: (PCI:33MHz:32-bit) 02:be:82:6b:cc:1d
[    1.921817] e1000 0000:00:03.0 eth0: Intel(R) PRO/1000 Network Connection
[    1.924013] mptbase: ioc0: Initiating bringup
[    1.986915] ioc0: LSI53C1030 A0: Capabilities={Initiator}
[    2.147788] scsi host2: ioc0: LSI53C1030 A0, FwRev=00000000h, Ports=1, MaxQ=256, IRQ=20
[    2.260520] scsi 2:0:0:0: Direct-Access     VBOX     HARDDISK         1.0  PQ: 0 ANSI: 5
[    2.262506] scsi target2:0:0: Beginning Domain Validation
[    2.265372] scsi target2:0:0: Domain Validation skipping write tests
[    2.267879] scsi target2:0:0: Ending Domain Validation
[    2.271039] scsi target2:0:0: asynchronous
[    2.272692] scsi 2:0:1:0: Direct-Access     VBOX     HARDDISK         1.0  PQ: 0 ANSI: 5
[    2.274938] scsi target2:0:1: Beginning Domain Validation
[    2.277367] scsi target2:0:1: Domain Validation skipping write tests
[    2.279023] scsi target2:0:1: Ending Domain Validation
[    2.280563] scsi target2:0:1: asynchronous
[    2.333489] sd 2:0:0:0: Attached scsi generic sg0 type 0
[    2.352855] sd 2:0:0:0: [sda] 83886080 512-byte logical blocks: (42.9 GB/40.0 GiB)
[    2.356533] sd 2:0:0:0: [sda] Write Protect is off
[    2.365186] sd 2:0:0:0: [sda] Incomplete mode parameter data
[    2.367321] sd 2:0:0:0: [sda] Assuming drive cache: write through
[    2.382005] sd 2:0:1:0: [sdb] 20480 512-byte logical blocks: (10.5 MB/10.0 MiB)
[    2.385891]  sda: sda1
[    2.387598] sd 2:0:0:0: [sda] Attached SCSI disk
[    2.389267] sd 2:0:1:0: Attached scsi generic sg1 type 0
[    2.397258] sd 2:0:1:0: [sdb] Write Protect is off
[    2.399129] sd 2:0:1:0: [sdb] Incomplete mode parameter data
[    2.401926] sd 2:0:1:0: [sdb] Assuming drive cache: write through
[    2.444027] sd 2:0:1:0: [sdb] Attached SCSI disk
[    2.747622] e1000 0000:00:08.0 eth1: (PCI:33MHz:32-bit) 08:00:27:68:29:8d
[    2.749428] e1000 0000:00:08.0 eth1: Intel(R) PRO/1000 Network Connection
[    2.752710] e1000 0000:00:08.0 enp0s8: renamed from eth1
[    2.756506] e1000 0000:00:03.0 enp0s3: renamed from eth0
Begin: Loading essential drivers ... [    4.173924] md: linear personality registered for level -1
[    4.179389] md: multipath personality registered for level -4
[    4.186709] md: raid0 personality registered for level 0
[    4.192744] md: raid1 personality registered for level 1
[    4.276419] raid6: sse2x1   gen()  7340 MB/s
[    4.358691] raid6: sse2x1   xor()  5898 MB/s
[    4.439831] raid6: sse2x2   gen()  8687 MB/s
[    4.512065] raid6: sse2x2   xor()  6000 MB/s
[    4.592549] raid6: sse2x4   gen()  9436 MB/s
[    4.672711] raid6: sse2x4   xor()  6837 MB/s
[    4.752986] raid6: avx2x1   gen() 12750 MB/s
[    4.831707] raid6: avx2x2   gen() 16833 MB/s
[    4.920926] raid6: avx2x4   gen() 21370 MB/s
[    4.922752] raid6: using algorithm avx2x4 gen() 21370 MB/s
[    4.925214] raid6: using avx2x2 recovery algorithm
[    4.928863] xor: automatically using best checksumming function:
[    5.052663]    avx       : 58369.000 MB/sec
[    5.056001] async_tx: api initialized (async)
[    5.072429] md: raid6 personality registered for level 6
[    5.074375] md: raid5 personality registered for level 5
[    5.075863] md: raid4 personality registered for level 4
[    5.085056] md: raid10 personality registered for level 10
done.
Begin: Running /scripts/init-premount ... done.
Begin: Mounting root file system ... Begin: Running /scripts/local-top ... done.
Begin: Running /scripts/local-premount ... [    5.130497] Btrfs loaded
Scanning for Btrfs filesystems
done.
Warning: fsck not present, so skipping root file system
[    5.168417] EXT4-fs (sda1): INFO: recovery required on readonly filesystem
[    5.170207] EXT4-fs (sda1): write access will be enabled during recovery
[    5.179890] EXT4-fs (sda1): recovery complete
[    5.181559] EXT4-fs (sda1): mounted filesystem with ordered data mode. Opts: (null)
done.
Begin: Running /scripts/local-bottom ... done.
Begin: Running /scripts/init-bottom ... done.
[    5.330922] systemd[1]: systemd 229 running in system mode. (+PAM +AUDIT +SELINUX +IMA +APPARMOR +SMACK +SYSVINIT +UTMP +LIBCRYPTSETUP +GCRYPT +GNUTLS +ACL +XZ -LZ4 +SECCOMP +BLKID +ELFUTILS +KMOD -IDN)
[    5.335594] systemd[1]: Detected virtualization oracle.
[    5.338369] systemd[1]: Detected architecture x86-64.

Welcome to [1mUbuntu 16.04.7 LTS[0m!

[    5.345505] systemd[1]: Set hostname to <ubuntu>.
[    5.524445] systemd[1]: Set up automount Arbitrary Executable File Formats File System Automount Point.
[[0;32m  OK  [0m] Set up automount Arbitrary Executab...ats File System Automount Point.
[    5.538934] systemd[1]: Listening on /dev/initctl Compatibility Named Pipe.
[[0;32m  OK  [0m] Listening on /dev/initctl Compatibility Named Pipe.
[    5.542364] systemd[1]: Reached target User and Group Name Lookups.
[[0;32m  OK  [0m] Reached target User and Group Name Lookups.
[    5.545705] systemd[1]: Listening on LVM2 poll daemon socket.
[[0;32m  OK  [0m] Listening on LVM2 poll daemon socket.
[    5.551297] systemd[1]: Created slice User and Session Slice.
[[0;32m  OK  [0m] Created slice User and Session Slice.
[    5.554080] systemd[1]: Listening on udev Control Socket.
[[0;32m  OK  [0m] Listening on udev Control Socket.
[    5.556569] systemd[1]: Listening on Journal Socket (/dev/log).
[[0;32m  OK  [0m] Listening on Journal Socket (/dev/log).
[    5.559153] systemd[1]: Reached target Swap.
[[0;32m  OK  [0m] Reached target Swap.
[    5.561168] systemd[1]: Listening on LVM2 metadata daemon socket.
[[0;32m  OK  [0m] Listening on LVM2 metadata daemon socket.
[    5.571308] systemd[1]: Listening on Journal Socket.
[[0;32m  OK  [0m] Listening on Journal Socket.
[    5.574535] systemd[1]: Listening on Syslog Socket.
[[0;32m  OK  [0m] Listening on Syslog Socket.
[    5.576895] systemd[1]: Listening on Journal Audit Socket.
[[0;32m  OK  [0m] Listening on Journal Audit Socket.
[    5.579532] systemd[1]: Listening on fsck to fsckd communication Socket.
[[0;32m  OK  [0m] Listening on fsck to fsckd communication Socket.
[    5.583574] systemd[1]: Reached target Encrypted Volumes.
[[0;32m  OK  [0m] Reached target Encrypted Volumes.
[    5.586045] systemd[1]: Listening on Device-mapper event daemon FIFOs.
[[0;32m  OK  [0m] Listening on Device-mapper event daemon FIFOs.
[    5.589604] systemd[1]: Created slice System Slice.
[[0;32m  OK  [0m] Created slice System Slice.
[    5.594124] systemd[1]: Starting Monitoring of LVM2 mirrors, snapshots etc. using dmeventd or progress polling...
         Starting Monitoring of LVM2 mirrors... dmeventd or progress polling...
[    5.606325] systemd[1]: Starting Uncomplicated firewall...
         Starting Uncomplicated firewall...
[    5.620602] systemd[1]: Starting Set console keymap...
         Starting Set console keymap...
[    5.629803] systemd[1]: Starting File System Check on Root Device...
         Starting File System Check on Root Device...
[    5.647371] systemd[1]: Starting Create list of required static device nodes for the current kernel...
         Starting Create list of required st... nodes for the current kernel...
[    5.664658] systemd[1]: Starting Journal Service...
         Starting Journal Service...
[    5.676234] systemd[1]: Created slice system-serial\x2dgetty.slice.
[[0;32m  OK  [0m] Created slice system-serial\x2dgetty.slice.
[    5.687218] systemd[1]: Reached target Slices.
[[0;32m  OK  [0m] Reached target Slices.
[    5.690846] random: nonblocking pool is initialized
[    5.694905] systemd[1]: Listening on udev Kernel Socket.
[[0;32m  OK  [0m] Listening on udev Kernel Socket.
[    5.700661] systemd[1]: Reached target System Time Synchronized.
[[0;32m  OK  [0m] Reached target System Time Synchronized.
[    5.708661] systemd[1]: Started Forward Password Requests to Wall Directory Watch.
[[0;32m  OK  [0m] Started Forward Password Requests to Wall Directory Watch.
[    5.722444] systemd[1]: Starting Load Kernel Modules...
         Starting Load Kernel Modules...
[    5.744926] systemd[1]: Started Trigger resolvconf update for networkd DNS.
[[0;32m  OK  [0m] Started Trigger resolvconf update for networkd DNS.
[    5.751449] systemd[1]: Mounting POSIX Message Queue File System...
         Mounting POSIX Message Queue File System...
[    5.756832] systemd[1]: Mounting Huge Pages File System...
         Mounting Huge Pages File System...
[    5.770176] systemd[1]: Starting Nameserver information manager...
         Starting Nameserver information manager...
[    5.781928] systemd[1]: Mounting Debug File System...
         Mounting Debug File System...
[    5.807617] systemd[1]: Mounted Huge Pages File System.
[[0;32m  OK  [0m] Mounted Huge Pages File System.
[    5.813983] systemd[1]: Mounted POSIX Message Queue File System.
[[0;32m  OK  [0m] Mounted POSIX Message Queue File System.
[    5.827481] systemd[1]: Mounted Debug File System.
[    5.833994] Loading iSCSI transport class v2.0-870.
[[0;32m  OK  [0m] Mounted Debug File System.
[    5.838161] systemd[1]: Started Uncomplicated firewall.
[[0;32m  OK  [0m] Started Uncomplicated firewall.
[    5.847689] systemd[1]: Started File System Check on Root Device.
[[0;32m  OK  [0m] Started File System Check on Root Device.
[    5.853410] systemd[1]: Started Create list of required static device nodes for the current kernel.
[[0;32m  OK  [0m] Started Create list of required sta...ce nodes for the current kernel.
[    5.877979] systemd[1]: Started Journal Service.
[[0;32m  OK  [0m] Started Journal Service.
[[0;32m  OK  [0m] Started Nameserver information manager.
[[0;32m  OK  [0m] Started File System Check Daemon to report status.
[[0;32m  OK  [0m] Started LVM2 metadata daemon.
         Starting Create Static Device Nodes in /dev...
         Starting Remount Root and Kernel File Systems...
[    5.926732] EXT4-fs (sda1): re-mounted. Opts: (null)
[    5.936078] iscsi: registered transport (tcp)
[[0;32m  OK  [0m] Started Set console keymap.
[[0;32m  OK  [0m] Started Remount Root and Kernel File Systems.
         Starting udev Coldplug all Devices...
         Starting Flush Journal to Persistent Storage...
         Starting Load/Save Random Seed...
[[0;32m  OK  [0m] Started Create Static Device Nodes in /dev.
[    5.983836] systemd-journald[376]: Received request to flush runtime journal from PID 1
         Starting udev Kernel Device Manager...
[[0;32m  OK  [0m] Started Load/Save Random Seed.
[[0;32m  OK  [0m] Started Flush Journal to Persistent Storage.
[[0;32m  OK  [0m] Started udev Kernel Device Manager.
[[0;32m  OK  [0m] Started Monitoring of LVM2 mirrors,...ng dmeventd or progress polling.
[[0;32m  OK  [0m] Reached target Local File Systems (Pre).
[[0;32m  OK  [0m] Reached target Local File Systems.
         Starting LSB: AppArmor initialization...
         Starting Initial cloud-init job (pre-networking)...
         Starting Set console font and keymap...
         Starting Create Volatile Files and Directories...
         Starting Tell Plymouth To Write Out Runtime Data...
[    6.138695] iscsi: registered transport (iser)
[[0;32m  OK  [0m] Started Tell Plymouth To Write Out Runtime Data.
[[0;32m  OK  [0m] Started Create Volatile Files and Directories.
         Starting Update UTMP about System Boot/Shutdown...
[[0;32m  OK  [0m] Started Load Kernel Modules.
         Starting Apply Kernel Variables...
         Mounting FUSE Control File System...
[[0;32m  OK  [0m] Mounted FUSE Control File System.
[[0;32m  OK  [0m] Started Update UTMP about System Boot/Shutdown.
[[0;32m  OK  [0m] Started Apply Kernel Variables.
[[0;32m  OK  [0m] Started udev Coldplug all Devices.
[[0;32m  OK  [0m] Started Dispatch Password Requests to Console Directory Watch.
[[0;32m  OK  [0m] Started LSB: AppArmor initialization.
         Starting Load AppArmor profiles managed internally by snapd...
[[0;32m  OK  [0m] Started Load AppArmor profiles managed internally by snapd.
[[0;32m  OK  [0m] Found device /dev/ttyS0.
[[0;32m  OK  [0m] Started Set console font and keymap.
[[0;32m  OK  [0m] Created slice system-getty.slice.
[[0;32m  OK  [0m] Listening on Load/Save RF Kill Switch Status /dev/rfkill Watch.
[[0;32m  OK  [0m] Found device 82540EM Gigabit Ethern...r (PRO/1000 MT Desktop Adapter).
[[0;32m  OK  [0m] Found device 82540EM Gigabit Ethern...r (PRO/1000 MT Desktop Adapter).
[    8.214699] cloud-init[469]: Cloud-init v. 21.1-19-gbad84ad4-0ubuntu1~16.04.2 running 'init-local' at Sat, 29 Oct 2022 04:32:29 +0000. Up 7.48 seconds.
[[0;32m  OK  [0m] Started Initial cloud-init job (pre-networking).
[[0;32m  OK  [0m] Reached target Network (Pre).
         Starting Raise network interfaces...
[[0;32m  OK  [0m] Started ifup for enp0s8.
[[0;32m  OK  [0m] Started ifup for enp0s3.
[[0;32m  OK  [0m] Started Raise network interfaces.
[[0;32m  OK  [0m] Reached target Network.
         Starting Initial cloud-init job (metadata service crawler)...
[    9.477775] cloud-init[1089]: Cloud-init v. 21.1-19-gbad84ad4-0ubuntu1~16.04.2 running 'init' at Sat, 29 Oct 2022 04:32:30 +0000. Up 9.15 seconds.
[    9.481200] cloud-init[1089]: ci-info: ++++++++++++++++++++++++++++++++++++++Net device info+++++++++++++++++++++++++++++++++++++++
[    9.483788] cloud-init[1089]: ci-info: +--------+------+-----------------------------+---------------+--------+-------------------+
[    9.502301] cloud-init[1089]: ci-info: | Device |  Up  |           Address           |      Mask     | Scope  |     Hw-Address    |
[    9.504562] cloud-init[1089]: ci-info: +--------+------+-----------------------------+---------------+--------+-------------------+
[    9.506734] cloud-init[1089]: ci-info: | enp0s3 | True |          10.0.2.15          | 255.255.255.0 | global | 02:be:82:6b:cc:1d |
[    9.509088] cloud-init[1089]: ci-info: | enp0s3 | True |  fe80::be:82ff:fe6b:cc1d/64 |       .       |  link  | 02:be:82:6b:cc:1d |
[    9.511474] cloud-init[1089]: ci-info: | enp0s8 | True |        192.168.56.10        | 255.255.255.0 | global | 08:00:27:68:29:8d |
[    9.516385] cloud-init[1089]: ci-info: | enp0s8 | True | fe80::a00:27ff:fe68:298d/64 |       .       |  link  | 08:00:27:68:29:8d |
[    9.536284] cloud-init[1089]: ci-info: |   lo   | True |          127.0.0.1          |   255.0.0.0   |  host  |         .         |
[    9.538828] cloud-init[1089]: ci-info: |   lo   | True |           ::1/128           |       .       |  host  |         .         |
[    9.541341] cloud-init[1089]: ci-info: +--------+------+-----------------------------+---------------+--------+-------------------+
[    9.543854] cloud-init[1089]: ci-info: ++++++++++++++++++++++++++++Route IPv4 info++++++++++++++++++++++++++++
[    9.546128] cloud-init[1089]: ci-info: +-------+--------------+----------+---------------+-----------+-------+
[    9.548371] cloud-init[1089]: ci-info: | Route | Destination  | Gateway  |    Genmask    | Interface | Flags |
[    9.550566] cloud-init[1089]: ci-info: +-------+--------------+----------+---------------+-----------+-------+
[    9.569477] cloud-init[1089]: ci-info: |   0   |   0.0.0.0    | 10.0.2.2 |    0.0.0.0    |   enp0s3  |   UG  |
[    9.571690] cloud-init[1089]: ci-info: |   1   |   10.0.2.0   | 0.0.0.0  | 255.255.255.0 |   enp0s3  |   U   |
[    9.573962] cloud-init[1089]: ci-info: |   2   | 192.168.56.0 | 0.0.0.0  | 255.255.255.0 |   enp0s8  |   U   |
[[0;32m  OK  [0m[    9.580551] cloud-init[1089]: ci-info: +-------+--------------+----------+---------------+-----------+-------+
[    9.582504] cloud-init[1089]: ci-info: +++++++++++++++++++Route IPv6 info+++++++++++++++++++
] Started Initial cloud-init job (metadata service crawler).
[[0;32m  OK  [0m] Reached target Network is Online.
[    9.588330] cloud-init[1089]: ci-info: +-------+-------------+---------+-----------+-------+
         Starting iSCSI initiator daemon (iscsid)...
[    9.593153] cloud-init[1089]: ci-info: | Route | Destination | Gateway | Interface | Flags |
[    9.596144] cloud-init[1089]: ci-info: +-------+-------------+---------+-----------+-------+
[[0;32m  OK  [0m] Reached target System Initialization.
         Starting LXD - unix socket.
[    9.606780] cloud-init[1089]: ci-info: |   0   |  fe80::/64  |    ::   |   enp0s8  |   U   |[[0;32m  OK  [0m] Started Daily Cleanup of Temporary Directories.
         Starting Socket activation for snappy daemon.
[[0;32m  OK  [0m] Listening on ACPID Listen Socket.
[    9.613104] cloud-init[1089]: ci-info: |   1   |  fe80::/64  |    ::   |   enp0s3  |   U   |
[    9.614468] cloud-init[1089]: ci-info: |   4   |   ff00::/8  |    ::   |   enp0s8  |   U   |
[    9.615768] cloud-init
[1089]: ci-info: |   5   |   ff00::/8  |    ::   |   enp0s3  |   U   |
[[0;32m  OK  [0m] Started ACPI Events Check.[    9.620397] cloud-init[1089]: ci-info: +-------+-------------+---------+-----------+-------+

[[0;32m  OK  [0m] Reached target Paths.
[[0;32m  OK  [0m] Started Ubuntu Advantage update messaging.
[[0;32m  OK  [0m] Listening on D-Bus System Message Bus Socket.
[[0;32m  OK  [0m] Started Daily apt download activities.
[[0;32m  OK  [0m] Started Daily apt upgrade and clean activities.
[[0;32m  OK  [0m] Listening on UUID daemon activation socket.
[[0;32m  OK  [0m] Started Message of the Day.
[[0;32m  OK  [0m] Reached target Timers.
[[0;32m  OK  [0m] Reached target Cloud-config availability.
[[0;32m  OK  [0m] Listening on LXD - unix socket.
[[0;32m  OK  [0m] Listening on Socket activation for snappy daemon.
[[0;32m  OK  [0m] Reached target Sockets.
[[0;32m  OK  [0m] Reached target Basic System.
[[0;32m  OK  [0m] Started Deferred execution scheduler.
         Starting Login Service...
[[0;32m  OK  [0m] Started ACPI event daemon.
[[0;32m  OK  [0m] Started Regular background program processing daemon.
         Starting Accounts Service...
         Starting System Logging Service...
         Starting LSB: Record successful boot for GRUB...
         Starting OpenBSD Secure Shell server...
         Starting /etc/rc.local Compatibility...
[[0;32m  OK  [0m] Started D-Bus System Message Bus.
[[0;32m  OK  [0m] Started FUSE filesystem for LXC.
         Starting Virtualbox guest utils...
         Starting LSB: MD monitoring daemon...
         Starting Snap Daemon...
         Starting LXD - container startup/shutdown...
[[0;32m  OK  [0m] Started System Logging Service.
[[0;32m  OK  [0m] Started iSCSI initiator daemon (iscsid).
[[0;32m  OK  [0m] Started /etc/rc.local Compatibility.
[[0;32m  OK  [0m] Started OpenBSD Secure Shell server.
         Starting Login to default iSCSI targets...
[[0;32m  OK  [0m] Started Login Service.
[[0;32m  OK  [0m] Started Unattended Upgrades Shutdown.
[[0;32m  OK  [0m] Started LSB: Record successful boot for GRUB.
[[0;32m  OK  [0m] Started Login to default iSCSI targets.
[[0;32m  OK  [0m] Reached target Remote File Systems (Pre).
[[0;32m  OK  [0m] Reached target Remote File Systems.
         Starting LSB: Set the CPU Frequency Scaling governor to "ondemand"...
         Starting LSB: Apache2 web server...
         Starting Permit User Sessions...
         Starting LSB: daemon to balance interrupts for SMP systems...
         Starting LSB: automatic crash report generation...
         Starting Authenticate and Authorize Users to Run Privileged Tasks...
[[0;32m  OK  [0m] Started Permit User Sessions.
         Starting Hold until boot process finishes up...
         Starting Terminate Plymouth Boot Screen...
[[0;32m  OK  [0m] Started Hold until boot process finishes up.
[[0;32m  OK  [0m] Started Getty on tty1.
         Starting Set console scheme...
[[0;32m  OK  [0m] Started Serial Getty on ttyS0.
[[0;32m  OK  [0m] Reached target Login Prompts.
[[0;32m  OK  [0m] Started Terminate Plymouth Boot Screen.
[[0;32m  OK  [0m] Started Set console scheme.
[[0;32m  OK  [0m] Started Authenticate and Authorize Users to Run Privileged Tasks.
[[0;32m  OK  [0m] Started LSB: Set the CPU Frequency Scaling governor to "ondemand".
[[0;32m  OK  [0m] Started Accounts Service.
[[0;32m  OK  [0m] Started LSB: MD monitoring daemon.
[[0;32m  OK  [0m] Started LXD - container startup/shutdown.
[[0;32m  OK  [0m] Started LSB: automatic crash report generation.
[[0;32m  OK  [0m] Started LSB: daemon to balance interrupts for SMP systems.
[[0;32m  OK  [0m] Started Virtualbox guest utils.
[[0;32m  OK  [0m] Started Snap Daemon.
         Starting Wait until snapd is fully seeded...
[[0;32m  OK  [0m] Started Wait until snapd is fully seeded.
         Starting Apply the settings specified in cloud-config...
[[0;32m  OK  [0m] Started LSB: Apache2 web server.
[[0;32m  OK  [0m] Reached target Multi-User System.
[[0;32m  OK  [0m] Reached target Graphical Interface.
         Starting Update UTMP about System Runlevel Changes...
[[0;32m  OK  [0m] Started Update UTMP about System Runlevel Changes.
[   11.149869] cloud-init[1373]: Cloud-init v. 21.1-19-gbad84ad4-0ubuntu1~16.04.2 running 'modules:config' at Sat, 29 Oct 2022 04:32:32 +0000. Up 11.03 seconds.
[[0;32m  OK  [0m] Started Apply the settings specified in cloud-config.
         Starting Execute cloud user/final scripts...
[   11.667513] cloud-init[1447]: Cloud-init v. 21.1-19-gbad84ad4-0ubuntu1~16.04.2 running 'modules:final' at Sat, 29 Oct 2022 04:32:33 +0000. Up 11.53 seconds.
[   11.670487] cloud-init[1447]: Cloud-init v. 21.1-19-gbad84ad4-0ubuntu1~16.04.2 finished at Sat, 29 Oct 2022 04:32:33 +0000. Datasource DataSourceNoCloud [seed=/dev/sdb][dsmode=net].  Up 11.66 seconds
[[0;32m  OK  [0m] Started Execute cloud user/final scripts.
[[0;32m  OK  [0m] Reached target Cloud-init target.

Ubuntu 16.04.7 LTS ubuntu ttyS0

ubuntu login: 